[0mCompiling "resources/public/js/compiled/minigraph_devcards.js" from ["src"]...[0m
[31mFailed to compile "resources/public/js/compiled/minigraph_devcards.js" in 0.323 seconds.[0m
[36m----  Could not Analyze  src/minigraph/core.cljs  ----[0m

  [1mNo such namespace: thi.ng.geom.viz.core, could not locate thi/ng/geom/viz/core.cljs, thi/ng/geom/viz/core.cljc, or Closure namespace "thi.ng.geom.viz.core" [0m

[36m----  Analysis Error : Please see src/minigraph/core.cljs  ----[0m
[0mCompiling "resources/public/js/compiled/minigraph_devcards.js" from ["src"]...[0m
[31mFailed to compile "resources/public/js/compiled/minigraph_devcards.js" in 0.23 seconds.[0m
[36m----  Could not Analyze  src/minigraph/core.cljs  ----[0m

  [1mNo such namespace: thi.ng.geom.viz.core, could not locate thi/ng/geom/viz/core.cljs, thi/ng/geom/viz/core.cljc, or Closure namespace "thi.ng.geom.viz.core" [0m

[36m----  Analysis Error : Please see src/minigraph/core.cljs  ----[0m
[0mCompiling "resources/public/js/compiled/minigraph_devcards.js" from ["src"]...[0m
[31mFailed to compile "resources/public/js/compiled/minigraph_devcards.js" in 0.34 seconds.[0m
[36m----  Could not Analyze  src/minigraph/core.cljs  ----[0m

  [1mNo such namespace: thi.ng.geom.viz.core, could not locate thi/ng/geom/viz/core.cljs, thi/ng/geom/viz/core.cljc, or Closure namespace "thi.ng.geom.viz.core" [0m

[36m----  Analysis Error : Please see src/minigraph/core.cljs  ----[0m
[0mCompiling "resources/public/js/compiled/minigraph_devcards.js" from ["src"]...[0m
[36m----  Compiler Warning on   src/minigraph/core.cljs   line:19  column:59  ----[0m

  [1mUse of undeclared Var thi.ng.geom.svg.core/serialize[0m

  [36m15[0m  [36m(defn test-equation[0m
  [36m16[0m  [36m  [t] (let [x (m/mix* (- PI) PI t)] [x (* (Math/cos (* 0.5 x)) (Math/sin (* x x x)))]))[0m
  [36m17[0m  [36m[0m
  [36m18[0m  [36m(defn export-viz[0m
  [33m19[0m  [1m  [viz path] (->> viz (svg/svg {:width 600 :height 320}) (svg/serialize) (sab/html)))[0m
  [0m  [0m  [33m                                                          ^--- Use of undeclared Var thi.ng.geom.svg.core/serialize[0m
  [36m20[0m  [36m[0m
  [36m21[0m  [36m(def viz-spec[0m
  [36m22[0m  [36m  {:x-axis (viz/linear-axis[0m
  [36m23[0m  [36m            {:domain [(- PI) PI][0m
  [36m24[0m  [36m             :range  [50 580][0m

[36m----  Compiler Warning : Please see src/minigraph/core.cljs  ----[0m
[32mSuccessfully compiled "resources/public/js/compiled/minigraph_devcards.js" in 0.491 seconds.[0m
notifying browser that file changed:  resources/public/js/compiled/devcards_out/goog/deps.js
notifying browser that file changed:  resources/public/js/compiled/devcards_out/cljs_deps.js
notifying browser that file changed:  resources/public/js/compiled/devcards_out/minigraph/core.js
[0mCompiling "resources/public/js/compiled/minigraph_devcards.js" from ["src"]...[0m
[36m----  Compiler Warning on   src/minigraph/core.cljs   line:19  column:59  ----[0m

  [1mUse of undeclared Var thi.ng.geom.svg.core/serialize[0m

  [36m15[0m  [36m(defn test-equation[0m
  [36m16[0m  [36m  [t] (let [x (m/mix* (- PI) PI t)] [x (* (Math/cos (* 0.5 x)) (Math/sin (* x x x)))]))[0m
  [36m17[0m  [36m[0m
  [36m18[0m  [36m(defn export-viz[0m
  [33m19[0m  [1m  [viz path] (->> viz (svg/svg {:width 600 :height 320}) (svg/serialize) (sab/html)))[0m
  [0m  [0m  [33m                                                          ^--- Use of undeclared Var thi.ng.geom.svg.core/serialize[0m
  [36m20[0m  [36m[0m
  [36m21[0m  [36m(def viz-spec[0m
  [36m22[0m  [36m  {:x-axis (viz/linear-axis[0m
  [36m23[0m  [36m            {:domain [(- PI) PI][0m
  [36m24[0m  [36m             :range  [50 580][0m

[36m----  Compiler Warning : Please see src/minigraph/core.cljs  ----[0m
[36m----  Compiler Warning on   src/minigraph/core.cljs   line:47  column:30  ----[0m

  [1mWrong number of args (1) passed to minigraph.core/export-viz[0m

  [36m43[0m  [36m(defcard first-card[0m
  [36m44[0m  [36m  (sab/html [:div[0m
  [36m45[0m  [36m             [:span (str (-> viz-spec[0m
  [36m46[0m  [36m                             (viz/svg-plot2d-cartesian)[0m
  [33m47[0m  [1m                             (export-viz)))]]))[0m
  [0m  [0m  [33m                             ^--- Wrong number of args (1) passed to minigraph.core/export-viz[0m
  [36m48[0m  [36m[0m
  [36m49[0m  [36m(defn main [][0m
  [36m50[0m  [36m  ;; conditionally start the app based on whether the #main-app-area[0m
  [36m51[0m  [36m  ;; node is on the page[0m
  [36m52[0m  [36m  (if-let [node (.getElementById js/document "main-app-area")][0m

[36m----  Compiler Warning : Please see src/minigraph/core.cljs  ----[0m
[32mSuccessfully compiled "resources/public/js/compiled/minigraph_devcards.js" in 0.461 seconds.[0m
notifying browser that file changed:  resources/public/js/compiled/devcards_out/minigraph/core.js
[0mCompiling "resources/public/js/compiled/minigraph_devcards.js" from ["src"]...[0m
[36m----  Compiler Warning on   src/minigraph/core.cljs   line:19  column:54  ----[0m

  [1mUse of undeclared Var thi.ng.geom.svg.core/serialize[0m

  [36m15[0m  [36m(defn test-equation[0m
  [36m16[0m  [36m  [t] (let [x (m/mix* (- PI) PI t)] [x (* (Math/cos (* 0.5 x)) (Math/sin (* x x x)))]))[0m
  [36m17[0m  [36m[0m
  [36m18[0m  [36m(defn export-viz[0m
  [33m19[0m  [1m  [viz] (->> viz (svg/svg {:width 600 :height 320}) (svg/serialize) (sab/html)))[0m
  [0m  [0m  [33m                                                     ^--- Use of undeclared Var thi.ng.geom.svg.core/serialize[0m
  [36m20[0m  [36m[0m
  [36m21[0m  [36m(def viz-spec[0m
  [36m22[0m  [36m  {:x-axis (viz/linear-axis[0m
  [36m23[0m  [36m            {:domain [(- PI) PI][0m
  [36m24[0m  [36m             :range  [50 580][0m

[36m----  Compiler Warning : Please see src/minigraph/core.cljs  ----[0m
[32mSuccessfully compiled "resources/public/js/compiled/minigraph_devcards.js" in 0.392 seconds.[0m
notifying browser that file changed:  resources/public/js/compiled/devcards_out/minigraph/core.js
[0mCompiling "resources/public/js/compiled/minigraph_devcards.js" from ["src"]...[0m
[32mSuccessfully compiled "resources/public/js/compiled/minigraph_devcards.js" in 0.411 seconds.[0m
notifying browser that file changed:  resources/public/js/compiled/devcards_out/minigraph/core.js
[0mCompiling "resources/public/js/compiled/minigraph_devcards.js" from ["src"]...[0m
[32mSuccessfully compiled "resources/public/js/compiled/minigraph_devcards.js" in 0.369 seconds.[0m
notifying browser that file changed:  resources/public/js/compiled/devcards_out/minigraph/core.js
[0mCompiling "resources/public/js/compiled/minigraph_devcards.js" from ["src"]...[0m
[32mSuccessfully compiled "resources/public/js/compiled/minigraph_devcards.js" in 0.742 seconds.[0m
notifying browser that file changed:  resources/public/js/compiled/devcards_out/minigraph/core.js
[0mCompiling "resources/public/js/compiled/minigraph_devcards.js" from ["src"]...[0m
[32mSuccessfully compiled "resources/public/js/compiled/minigraph_devcards.js" in 0.535 seconds.[0m
notifying browser that file changed:  resources/public/js/compiled/devcards_out/minigraph/core.js
[0mCompiling "resources/public/js/compiled/minigraph_devcards.js" from ["src"]...[0m
[32mSuccessfully compiled "resources/public/js/compiled/minigraph_devcards.js" in 0.668 seconds.[0m
notifying browser that file changed:  resources/public/js/compiled/devcards_out/minigraph/core.js
[0mCompiling "resources/public/js/compiled/minigraph_devcards.js" from ["src"]...[0m
[32mSuccessfully compiled "resources/public/js/compiled/minigraph_devcards.js" in 0.564 seconds.[0m
notifying browser that file changed:  resources/public/js/compiled/devcards_out/minigraph/core.js
[0mCompiling "resources/public/js/compiled/minigraph_devcards.js" from ["src"]...[0m
[32mSuccessfully compiled "resources/public/js/compiled/minigraph_devcards.js" in 0.419 seconds.[0m
notifying browser that file changed:  resources/public/js/compiled/devcards_out/minigraph/core.js
[0mCompiling "resources/public/js/compiled/minigraph_devcards.js" from ["src"]...[0m
[32mSuccessfully compiled "resources/public/js/compiled/minigraph_devcards.js" in 0.523 seconds.[0m
notifying browser that file changed:  resources/public/js/compiled/devcards_out/minigraph/core.js
[0mCompiling "resources/public/js/compiled/minigraph_devcards.js" from ["src"]...[0m
[32mSuccessfully compiled "resources/public/js/compiled/minigraph_devcards.js" in 0.401 seconds.[0m
notifying browser that file changed:  resources/public/js/compiled/devcards_out/minigraph/core.js
[0mCompiling "resources/public/js/compiled/minigraph_devcards.js" from ["src"]...[0m
[32mSuccessfully compiled "resources/public/js/compiled/minigraph_devcards.js" in 0.554 seconds.[0m
notifying browser that file changed:  resources/public/js/compiled/devcards_out/minigraph/core.js
[0mCompiling "resources/public/js/compiled/minigraph_devcards.js" from ["src"]...[0m
[32mSuccessfully compiled "resources/public/js/compiled/minigraph_devcards.js" in 0.673 seconds.[0m
notifying browser that file changed:  resources/public/js/compiled/devcards_out/minigraph/core.js
[0mCompiling "resources/public/js/compiled/minigraph_devcards.js" from ["src"]...[0m
[32mSuccessfully compiled "resources/public/js/compiled/minigraph_devcards.js" in 0.477 seconds.[0m
notifying browser that file changed:  resources/public/js/compiled/devcards_out/minigraph/core.js
[0mCompiling "resources/public/js/compiled/minigraph_devcards.js" from ["src"]...[0m
[32mSuccessfully compiled "resources/public/js/compiled/minigraph_devcards.js" in 0.488 seconds.[0m
notifying browser that file changed:  resources/public/js/compiled/devcards_out/minigraph/core.js
[0mCompiling "resources/public/js/compiled/minigraph_devcards.js" from ["src"]...[0m
[32mSuccessfully compiled "resources/public/js/compiled/minigraph_devcards.js" in 0.543 seconds.[0m
notifying browser that file changed:  resources/public/js/compiled/devcards_out/minigraph/core.js
[0mCompiling "resources/public/js/compiled/minigraph_devcards.js" from ["src"]...[0m
[32mSuccessfully compiled "resources/public/js/compiled/minigraph_devcards.js" in 0.5 seconds.[0m
notifying browser that file changed:  resources/public/js/compiled/devcards_out/minigraph/core.js
[0mCompiling "resources/public/js/compiled/minigraph_devcards.js" from ["src"]...[0m
[32mSuccessfully compiled "resources/public/js/compiled/minigraph_devcards.js" in 0.408 seconds.[0m
notifying browser that file changed:  resources/public/js/compiled/devcards_out/minigraph/core.js
[0mCompiling "resources/public/js/compiled/minigraph_devcards.js" from ["src"]...[0m
[32mSuccessfully compiled "resources/public/js/compiled/minigraph_devcards.js" in 0.39 seconds.[0m
notifying browser that file changed:  resources/public/js/compiled/devcards_out/minigraph/core.js
[0mCompiling "resources/public/js/compiled/minigraph_devcards.js" from ["src"]...[0m
[32mSuccessfully compiled "resources/public/js/compiled/minigraph_devcards.js" in 0.363 seconds.[0m
notifying browser that file changed:  resources/public/js/compiled/devcards_out/minigraph/core.js
[0mCompiling "resources/public/js/compiled/minigraph_devcards.js" from ["src"]...[0m
[32mSuccessfully compiled "resources/public/js/compiled/minigraph_devcards.js" in 0.363 seconds.[0m
notifying browser that file changed:  resources/public/js/compiled/devcards_out/minigraph/core.js
[0mCompiling "resources/public/js/compiled/minigraph_devcards.js" from ["src"]...[0m
[32mSuccessfully compiled "resources/public/js/compiled/minigraph_devcards.js" in 0.402 seconds.[0m
notifying browser that file changed:  resources/public/js/compiled/devcards_out/minigraph/core.js
[0mCompiling "resources/public/js/compiled/minigraph_devcards.js" from ["src"]...[0m
[32mSuccessfully compiled "resources/public/js/compiled/minigraph_devcards.js" in 0.437 seconds.[0m
notifying browser that file changed:  resources/public/js/compiled/devcards_out/minigraph/core.js
[0mCompiling "resources/public/js/compiled/minigraph_devcards.js" from ["src"]...[0m
[32mSuccessfully compiled "resources/public/js/compiled/minigraph_devcards.js" in 0.541 seconds.[0m
notifying browser that file changed:  resources/public/js/compiled/devcards_out/minigraph/core.js
[0mCompiling "resources/public/js/compiled/minigraph_devcards.js" from ["src"]...[0m
[32mSuccessfully compiled "resources/public/js/compiled/minigraph_devcards.js" in 0.442 seconds.[0m
notifying browser that file changed:  resources/public/js/compiled/devcards_out/minigraph/core.js
[0mCompiling "resources/public/js/compiled/minigraph_devcards.js" from ["src"]...[0m
[32mSuccessfully compiled "resources/public/js/compiled/minigraph_devcards.js" in 0.359 seconds.[0m
notifying browser that file changed:  resources/public/js/compiled/devcards_out/minigraph/core.js
[0mCompiling "resources/public/js/compiled/minigraph_devcards.js" from ["src"]...[0m
[32mSuccessfully compiled "resources/public/js/compiled/minigraph_devcards.js" in 2.271 seconds.[0m
notifying browser that file changed:  resources/public/js/compiled/devcards_out/minigraph/core.js
[0mCompiling "resources/public/js/compiled/minigraph_devcards.js" from ["src"]...[0m
[32mSuccessfully compiled "resources/public/js/compiled/minigraph_devcards.js" in 1.516 seconds.[0m
notifying browser that file changed:  resources/public/js/compiled/devcards_out/minigraph/core.js
[0mCompiling "resources/public/js/compiled/minigraph_devcards.js" from ["src"]...[0m
[32mSuccessfully compiled "resources/public/js/compiled/minigraph_devcards.js" in 1.173 seconds.[0m
notifying browser that file changed:  resources/public/js/compiled/devcards_out/minigraph/core.js
[0mCompiling "resources/public/js/compiled/minigraph_devcards.js" from ["src"]...[0m
[36m----  Compiler Warning on   src/minigraph/core.cljs   line:21  column:60  ----[0m

  [1mUse of undeclared Var minigraph.core/x1=[0m

  [36m18[0m  [36m(defn export-viz[0m
  [36m19[0m  [36m  [viz] (->> viz[0m
  [36m20[0m  [36m             (svg/svg {:width 600 :height 320}[0m
  [33m21[0m  [1m                      (svg/defs (svg/linear-gradient "bg" {x1="50%" y1="100%" x2="50%" y2="0%"} [0 "#fafbfb"] [1 "#c7dadd"])))[0m
  [0m  [0m  [33m                                                           ^--- Use of undeclared Var minigraph.core/x1=[0m
  [36m22[0m  [36m             (sab/html)))[0m
  [36m23[0m  [36m[0m
  [36m24[0m  [36m(def viz-spec[0m
  [36m25[0m  [36m  {:x-axis (viz/linear-axis[0m
  [36m26[0m  [36m            {:domain [(- PI) PI][0m

[36m----  Compiler Warning : Please see src/minigraph/core.cljs  ----[0m
[36m----  Compiler Warning on   src/minigraph/core.cljs   line:21  column:69  ----[0m

  [1mUse of undeclared Var minigraph.core/y1=[0m

  [36m18[0m  [36m(defn export-viz[0m
  [36m19[0m  [36m  [viz] (->> viz[0m
  [36m20[0m  [36m             (svg/svg {:width 600 :height 320}[0m
  [33m21[0m  [1m                      (svg/defs (svg/linear-gradient "bg" {x1="50%" y1="100%" x2="50%" y2="0%"} [0 "#fafbfb"] [1 "#c7dadd"])))[0m
  [0m  [0m  [33m                                                                    ^--- Use of undeclared Var minigraph.core/y1=[0m
  [36m22[0m  [36m             (sab/html)))[0m
  [36m23[0m  [36m[0m
  [36m24[0m  [36m(def viz-spec[0m
  [36m25[0m  [36m  {:x-axis (viz/linear-axis[0m
  [36m26[0m  [36m            {:domain [(- PI) PI][0m

[36m----  Compiler Warning : Please see src/minigraph/core.cljs  ----[0m
[36m----  Compiler Warning on   src/minigraph/core.cljs   line:21  column:79  ----[0m

  [1mUse of undeclared Var minigraph.core/x2=[0m

  [36m18[0m  [36m(defn export-viz[0m
  [36m19[0m  [36m  [viz] (->> viz[0m
  [36m20[0m  [36m             (svg/svg {:width 600 :height 320}[0m
  [33m21[0m  [1m                      (svg/defs (svg/linear-gradient "bg" {x1="50%" y1="100%" x2="50%" y2="0%"} [0 "#fafbfb"] [1 "#c7dadd"])))[0m
  [0m  [0m  [33m                                                                              ^--- Use of undeclared Var minigraph.core/x2=[0m
  [36m22[0m  [36m             (sab/html)))[0m
  [36m23[0m  [36m[0m
  [36m24[0m  [36m(def viz-spec[0m
  [36m25[0m  [36m  {:x-axis (viz/linear-axis[0m
  [36m26[0m  [36m            {:domain [(- PI) PI][0m

[36m----  Compiler Warning : Please see src/minigraph/core.cljs  ----[0m
[36m----  Compiler Warning on   src/minigraph/core.cljs   line:21  column:88  ----[0m

  [1mUse of undeclared Var minigraph.core/y2=[0m

  [36m18[0m  [36m(defn export-viz[0m
  [36m19[0m  [36m  [viz] (->> viz[0m
  [36m20[0m  [36m             (svg/svg {:width 600 :height 320}[0m
  [33m21[0m  [1m                      (svg/defs (svg/linear-gradient "bg" {x1="50%" y1="100%" x2="50%" y2="0%"} [0 "#fafbfb"] [1 "#c7dadd"])))[0m
  [0m  [0m  [33m                                                                                       ^--- Use of undeclared Var minigraph.core/y2=[0m
  [36m22[0m  [36m             (sab/html)))[0m
  [36m23[0m  [36m[0m
  [36m24[0m  [36m(def viz-spec[0m
  [36m25[0m  [36m  {:x-axis (viz/linear-axis[0m
  [36m26[0m  [36m            {:domain [(- PI) PI][0m

[36m----  Compiler Warning : Please see src/minigraph/core.cljs  ----[0m
[32mSuccessfully compiled "resources/public/js/compiled/minigraph_devcards.js" in 0.821 seconds.[0m
notifying browser that file changed:  resources/public/js/compiled/devcards_out/minigraph/core.js
[0mCompiling "resources/public/js/compiled/minigraph_devcards.js" from ["src"]...[0m
[32mSuccessfully compiled "resources/public/js/compiled/minigraph_devcards.js" in 0.384 seconds.[0m
notifying browser that file changed:  resources/public/js/compiled/devcards_out/minigraph/core.js
[0mCompiling "resources/public/js/compiled/minigraph_devcards.js" from ["src"]...[0m
[36m----  Compiler Warning on   src/minigraph/core.cljs   line:37  column:28  ----[0m

  [1mUse of undeclared Var minigraph.core/test-equation[0m

  [36m33[0m  [36m:y-axis (viz/linear-axis[0m
  [36m34[0m  [36m         {:domain      [0 100][0m
  [36m35[0m  [36m          :range       [250 20][0m
  [36m36[0m  [36m          :visible     false})[0m
  [33m37[0m  [1m:data   [{:values  (map test-equation (m/norm-range 200))[0m
  [0m  [0m  [33m                        ^--- Use of undeclared Var minigraph.core/test-equation[0m
  [36m38[0m  [36m          :attribs {:fill "url(#bg)"}[0m
  [36m39[0m  [36m          :layout  viz/svg-area-plot}[0m
  [36m40[0m  [36m         {:values  (map test-equation (m/norm-range 200))[0m
  [36m41[0m  [36m          :attribs {:stroke "#8cb4bb" :stroke-width "5px"}[0m
  [36m42[0m  [36m          :layout  viz/svg-line-plot}]})[0m

[36m----  Compiler Warning : Please see src/minigraph/core.cljs  ----[0m
[36m----  Compiler Warning on   src/minigraph/core.cljs   line:40  column:28  ----[0m

  [1mUse of undeclared Var minigraph.core/test-equation[0m

  [36m36[0m  [36m             :visible     false})[0m
  [36m37[0m  [36m   :data   [{:values  (map test-equation (m/norm-range 200))[0m
  [36m38[0m  [36m             :attribs {:fill "url(#bg)"}[0m
  [36m39[0m  [36m             :layout  viz/svg-area-plot}[0m
  [33m40[0m  [1m            {:values  (map test-equation (m/norm-range 200))[0m
  [0m  [0m  [33m                           ^--- Use of undeclared Var minigraph.core/test-equation[0m
  [36m41[0m  [36m             :attribs {:stroke "#8cb4bb" :stroke-width "5px"}[0m
  [36m42[0m  [36m             :layout  viz/svg-line-plot}]})[0m
  [36m43[0m  [36m[0m
  [36m44[0m  [36m;;(svg/linear-gradient :a {} [0 "#000"] [1 "#fff"])[0m

[36m----  Compiler Warning : Please see src/minigraph/core.cljs  ----[0m
[32mSuccessfully compiled "resources/public/js/compiled/minigraph_devcards.js" in 0.48 seconds.[0m
notifying browser that file changed:  resources/public/js/compiled/devcards_out/minigraph/core.js
[0mCompiling "resources/public/js/compiled/minigraph_devcards.js" from ["src"]...[0m
[36m----  Compiler Warning on   src/minigraph/core.cljs   line:38  column:28  ----[0m

  [1mUse of undeclared Var minigraph.core/test-equation[0m

  [36m34[0m  [36m:y-axis (viz/linear-axis[0m
  [36m35[0m  [36m         {:domain      [0 100][0m
  [36m36[0m  [36m          :range       [250 20][0m
  [36m37[0m  [36m          :visible     false})[0m
  [33m38[0m  [1m:data   [{:values  (map test-equation (m/norm-range 200))[0m
  [0m  [0m  [33m                        ^--- Use of undeclared Var minigraph.core/test-equation[0m
  [36m39[0m  [36m          :attribs {:fill "url(#bg)"}[0m
  [36m40[0m  [36m          :layout  viz/svg-area-plot}[0m
  [36m41[0m  [36m         {:values  (map test-equation (m/norm-range 200))[0m
  [36m42[0m  [36m          :attribs {:stroke "#8cb4bb" :stroke-width "5px"}[0m
  [36m43[0m  [36m          :layout  viz/svg-line-plot}]})[0m

[36m----  Compiler Warning : Please see src/minigraph/core.cljs  ----[0m
[36m----  Compiler Warning on   src/minigraph/core.cljs   line:41  column:28  ----[0m

  [1mUse of undeclared Var minigraph.core/test-equation[0m

  [36m37[0m  [36m             :visible     false})[0m
  [36m38[0m  [36m   :data   [{:values  (map test-equation (m/norm-range 200))[0m
  [36m39[0m  [36m             :attribs {:fill "url(#bg)"}[0m
  [36m40[0m  [36m             :layout  viz/svg-area-plot}[0m
  [33m41[0m  [1m            {:values  (map test-equation (m/norm-range 200))[0m
  [0m  [0m  [33m                           ^--- Use of undeclared Var minigraph.core/test-equation[0m
  [36m42[0m  [36m             :attribs {:stroke "#8cb4bb" :stroke-width "5px"}[0m
  [36m43[0m  [36m             :layout  viz/svg-line-plot}]})[0m
  [36m44[0m  [36m[0m
  [36m45[0m  [36m;;(svg/linear-gradient :a {} [0 "#000"] [1 "#fff"])[0m

[36m----  Compiler Warning : Please see src/minigraph/core.cljs  ----[0m
[32mSuccessfully compiled "resources/public/js/compiled/minigraph_devcards.js" in 0.416 seconds.[0m
notifying browser that file changed:  resources/public/js/compiled/devcards_out/minigraph/core.js
[0mCompiling "resources/public/js/compiled/minigraph_devcards.js" from ["src"]...[0m
[36m----  Compiler Warning on   src/minigraph/core.cljs   line:38  column:28  ----[0m

  [1mUse of undeclared Var minigraph.core/test-equation[0m

  [36m34[0m  [36m:y-axis (viz/linear-axis[0m
  [36m35[0m  [36m         {:domain      [0 100][0m
  [36m36[0m  [36m          :range       [250 20][0m
  [36m37[0m  [36m          :visible     false})[0m
  [33m38[0m  [1m:data   [{:values  (map test-equation (m/norm-range 200))[0m
  [0m  [0m  [33m                        ^--- Use of undeclared Var minigraph.core/test-equation[0m
  [36m39[0m  [36m          :attribs {:fill "url(#bg)"}[0m
  [36m40[0m  [36m          :layout  viz/svg-area-plot}[0m
  [36m41[0m  [36m         {:values  (map test-equation (m/norm-range 200))[0m
  [36m42[0m  [36m          :attribs {:stroke "#8cb4bb" :stroke-width "5px"}[0m
  [36m43[0m  [36m          :layout  viz/svg-line-plot}]})[0m

[36m----  Compiler Warning : Please see src/minigraph/core.cljs  ----[0m
[36m----  Compiler Warning on   src/minigraph/core.cljs   line:41  column:28  ----[0m

  [1mUse of undeclared Var minigraph.core/test-equation[0m

  [36m37[0m  [36m             :visible     false})[0m
  [36m38[0m  [36m   :data   [{:values  (map test-equation (m/norm-range 200))[0m
  [36m39[0m  [36m             :attribs {:fill "url(#bg)"}[0m
  [36m40[0m  [36m             :layout  viz/svg-area-plot}[0m
  [33m41[0m  [1m            {:values  (map test-equation (m/norm-range 200))[0m
  [0m  [0m  [33m                           ^--- Use of undeclared Var minigraph.core/test-equation[0m
  [36m42[0m  [36m             :attribs {:stroke "#8cb4bb" :stroke-width "5px"}[0m
  [36m43[0m  [36m             :layout  viz/svg-line-plot}]})[0m
  [36m44[0m  [36m[0m
  [36m45[0m  [36m;;(svg/linear-gradient :a {} [0 "#000"] [1 "#fff"])[0m

[36m----  Compiler Warning : Please see src/minigraph/core.cljs  ----[0m
[32mSuccessfully compiled "resources/public/js/compiled/minigraph_devcards.js" in 0.544 seconds.[0m
notifying browser that file changed:  resources/public/js/compiled/devcards_out/minigraph/core.js
[0mCompiling "resources/public/js/compiled/minigraph_devcards.js" from ["src"]...[0m
[36m----  Compiler Warning on   src/minigraph/core.cljs   line:41  column:28  ----[0m

  [1mUse of undeclared Var minigraph.core/test-equation[0m

  [36m37[0m  [36m             :visible     false})[0m
  [36m38[0m  [36m   :data   [{:values  vals[0m
  [36m39[0m  [36m             :attribs {:fill "url(#bg)"}[0m
  [36m40[0m  [36m             :layout  viz/svg-area-plot}[0m
  [33m41[0m  [1m            {:values  (map test-equation (m/norm-range 200))[0m
  [0m  [0m  [33m                           ^--- Use of undeclared Var minigraph.core/test-equation[0m
  [36m42[0m  [36m             :attribs {:stroke "#8cb4bb" :stroke-width "5px"}[0m
  [36m43[0m  [36m             :layout  viz/svg-line-plot}]})[0m
  [36m44[0m  [36m[0m
  [36m45[0m  [36m;;(svg/linear-gradient :a {} [0 "#000"] [1 "#fff"])[0m

[36m----  Compiler Warning : Please see src/minigraph/core.cljs  ----[0m
[32mSuccessfully compiled "resources/public/js/compiled/minigraph_devcards.js" in 0.37 seconds.[0m
notifying browser that file changed:  resources/public/js/compiled/devcards_out/minigraph/core.js
[0mCompiling "resources/public/js/compiled/minigraph_devcards.js" from ["src"]...[0m
[32mSuccessfully compiled "resources/public/js/compiled/minigraph_devcards.js" in 0.721 seconds.[0m
notifying browser that file changed:  resources/public/js/compiled/devcards_out/minigraph/core.js
[0mCompiling "resources/public/js/compiled/minigraph_devcards.js" from ["src"]...[0m
[32mSuccessfully compiled "resources/public/js/compiled/minigraph_devcards.js" in 0.348 seconds.[0m
notifying browser that file changed:  resources/public/js/compiled/devcards_out/minigraph/core.js
[0mCompiling "resources/public/js/compiled/minigraph_devcards.js" from ["src"]...[0m
[32mSuccessfully compiled "resources/public/js/compiled/minigraph_devcards.js" in 0.537 seconds.[0m
notifying browser that file changed:  resources/public/js/compiled/devcards_out/minigraph/core.js
[0mCompiling "resources/public/js/compiled/minigraph_devcards.js" from ["src"]...[0m
[32mSuccessfully compiled "resources/public/js/compiled/minigraph_devcards.js" in 0.618 seconds.[0m
notifying browser that file changed:  resources/public/js/compiled/devcards_out/minigraph/core.js
[0mCompiling "resources/public/js/compiled/minigraph_devcards.js" from ["src"]...[0m
[32mSuccessfully compiled "resources/public/js/compiled/minigraph_devcards.js" in 0.459 seconds.[0m
notifying browser that file changed:  resources/public/js/compiled/devcards_out/minigraph/core.js
[0mCompiling "resources/public/js/compiled/minigraph_devcards.js" from ["src"]...[0m
[32mSuccessfully compiled "resources/public/js/compiled/minigraph_devcards.js" in 0.52 seconds.[0m
notifying browser that file changed:  resources/public/js/compiled/devcards_out/minigraph/core.js
[0mCompiling "resources/public/js/compiled/minigraph_devcards.js" from ["src"]...[0m
[32mSuccessfully compiled "resources/public/js/compiled/minigraph_devcards.js" in 0.378 seconds.[0m
notifying browser that file changed:  resources/public/js/compiled/devcards_out/minigraph/core.js
[0mCompiling "resources/public/js/compiled/minigraph_devcards.js" from ["src"]...[0m
[32mSuccessfully compiled "resources/public/js/compiled/minigraph_devcards.js" in 0.56 seconds.[0m
notifying browser that file changed:  resources/public/js/compiled/devcards_out/minigraph/core.js
[0mCompiling "resources/public/js/compiled/minigraph_devcards.js" from ["src"]...[0m
[32mSuccessfully compiled "resources/public/js/compiled/minigraph_devcards.js" in 0.588 seconds.[0m
notifying browser that file changed:  resources/public/js/compiled/devcards_out/minigraph/core.js
[0mCompiling "resources/public/js/compiled/minigraph_devcards.js" from ["src"]...[0m
[32mSuccessfully compiled "resources/public/js/compiled/minigraph_devcards.js" in 0.698 seconds.[0m
notifying browser that file changed:  resources/public/js/compiled/devcards_out/minigraph/core.js
